QuestaSim vlog 10.6c Compiler 2017.07 Jul 25 2017
Start time: 15:14:01 on Jul 20,2026
vlog ../rtl/AXI_Master.v 
-- Compiling module AXI_MASTER_WRITE_CONTROL
-- Compiling module AXI_MASTER_READ_Control
-- Compiling module AXI_Master

Top level modules:
	AXI_Master
End time: 15:14:01 on Jul 20,2026, Elapsed time: 0:00:00
Errors: 0, Warnings: 0
QuestaSim vlog 10.6c Compiler 2017.07 Jul 25 2017
Start time: 15:14:01 on Jul 20,2026
vlog ../rtl/AXI_MASTER_WRITE_CONTROL.v 
-- Compiling module AXI_MASTER_WRITE_CONTROL

Top level modules:
	AXI_MASTER_WRITE_CONTROL
End time: 15:14:01 on Jul 20,2026, Elapsed time: 0:00:00
Errors: 0, Warnings: 0
QuestaSim vlog 10.6c Compiler 2017.07 Jul 25 2017
Start time: 15:14:01 on Jul 20,2026
vlog ../rtl/AXI_MASTER_READ_CONTROL.v 
-- Compiling module AXI_MASTER_READ_Control

Top level modules:
	AXI_MASTER_READ_Control
End time: 15:14:01 on Jul 20,2026, Elapsed time: 0:00:00
Errors: 0, Warnings: 0
QuestaSim vlog 10.6c Compiler 2017.07 Jul 25 2017
Start time: 15:14:01 on Jul 20,2026
vlog ../rtl/decoder.v 
-- Compiling module write_response_handler
-- Compiling module my_decoder

Top level modules:
	my_decoder
End time: 15:14:01 on Jul 20,2026, Elapsed time: 0:00:00
Errors: 0, Warnings: 0
QuestaSim vlog 10.6c Compiler 2017.07 Jul 25 2017
Start time: 15:14:01 on Jul 20,2026
vlog ../rtl/design_fifo.v 
-- Compiling module sync_fifo
-- Compiling module design_fifo

Top level modules:
	design_fifo
End time: 15:14:02 on Jul 20,2026, Elapsed time: 0:00:01
Errors: 0, Warnings: 0
QuestaSim vlog 10.6c Compiler 2017.07 Jul 25 2017
Start time: 15:14:02 on Jul 20,2026
vlog ../rtl/sync_fifo.v 
-- Compiling module sync_fifo

Top level modules:
	sync_fifo
End time: 15:14:02 on Jul 20,2026, Elapsed time: 0:00:00
Errors: 0, Warnings: 0
QuestaSim vlog 10.6c Compiler 2017.07 Jul 25 2017
Start time: 15:14:02 on Jul 20,2026
vlog ../rtl/write_response_handler.v 
-- Compiling module write_response_handler

Top level modules:
	write_response_handler
End time: 15:14:02 on Jul 20,2026, Elapsed time: 0:00:00
Errors: 0, Warnings: 0
QuestaSim vlog 10.6c Compiler 2017.07 Jul 25 2017
Start time: 15:14:02 on Jul 20,2026
vlog ../rtl/axi_fifo_design.v 
-- Compiling module AXI_MASTER_WRITE_CONTROL
-- Compiling module AXI_MASTER_READ_Control
-- Compiling module AXI_Master
-- Compiling module write_response_handler
-- Compiling module my_decoder
-- Compiling module sync_fifo
-- Compiling module design_fifo
-- Compiling module Top_Module_AXI4

Top level modules:
	Top_Module_AXI4
End time: 15:14:02 on Jul 20,2026, Elapsed time: 0:00:00
Errors: 0, Warnings: 0
QuestaSim vlog 10.6c Compiler 2017.07 Jul 25 2017
Start time: 15:14:02 on Jul 20,2026
vlog -work work "+incdir+../rtl" "+incdir+./axi_avip/globals" "+incdir+./axi_avip/hvl_top/master" "+incdir+./axi_avip/hvl_top/slave" "+incdir+./cpu/cpu_active_agent" "+incdir+./cpu/cpu_passive_agent" "+incdir+./cpu/cpu_sequence_item" "+incdir+./interface" "+incdir+./env" "+incdir+./sequence" "+incdir+./virtual_sequence" "+incdir+./test" ./axi_avip/globals/axi4_globals_pkg.sv 
-- Compiling package axi4_globals_pkg

Top level modules:
	--none--
End time: 15:14:02 on Jul 20,2026, Elapsed time: 0:00:00
Errors: 0, Warnings: 0
QuestaSim vlog 10.6c Compiler 2017.07 Jul 25 2017
Start time: 15:14:02 on Jul 20,2026
vlog -work work "+incdir+../rtl" "+incdir+./axi_avip/globals" "+incdir+./axi_avip/hvl_top/master" "+incdir+./axi_avip/hvl_top/slave" "+incdir+./cpu/cpu_active_agent" "+incdir+./cpu/cpu_passive_agent" "+incdir+./cpu/cpu_sequence_item" "+incdir+./interface" "+incdir+./env" "+incdir+./sequence" "+incdir+./virtual_sequence" "+incdir+./test" ./axi_avip/hvl_top/master/axi4_master_pkg.sv 
-- Compiling package axi4_master_pkg
** Note: (vlog-2286) ./axi_avip/hvl_top/master/axi4_master_pkg.sv(13): Using implicit +incdir+/tools/mentor/questasim_10.6c/questasim/uvm-1.1d/../verilog_src/uvm-1.1d/src from import uvm_pkg
-- Importing package mtiUvm.uvm_pkg (uvm-1.1d Built-in)
-- Importing package axi4_globals_pkg

Top level modules:
	--none--
End time: 15:14:02 on Jul 20,2026, Elapsed time: 0:00:00
Errors: 0, Warnings: 0
QuestaSim vlog 10.6c Compiler 2017.07 Jul 25 2017
Start time: 15:14:02 on Jul 20,2026
vlog -work work "+incdir+../rtl" "+incdir+./axi_avip/globals" "+incdir+./axi_avip/hvl_top/master" "+incdir+./axi_avip/hvl_top/slave" "+incdir+./cpu/cpu_active_agent" "+incdir+./cpu/cpu_passive_agent" "+incdir+./cpu/cpu_sequence_item" "+incdir+./interface" "+incdir+./env" "+incdir+./sequence" "+incdir+./virtual_sequence" "+incdir+./test" ./axi_avip/hvl_top/slave/axi4_slave_pkg.sv 
-- Compiling package axi4_slave_pkg
** Note: (vlog-2286) ./axi_avip/hvl_top/slave/axi4_slave_pkg.sv(13): Using implicit +incdir+/tools/mentor/questasim_10.6c/questasim/uvm-1.1d/../verilog_src/uvm-1.1d/src from import uvm_pkg
-- Importing package mtiUvm.uvm_pkg (uvm-1.1d Built-in)
-- Importing package axi4_globals_pkg

Top level modules:
	--none--
End time: 15:14:03 on Jul 20,2026, Elapsed time: 0:00:01
Errors: 0, Warnings: 0
QuestaSim vlog 10.6c Compiler 2017.07 Jul 25 2017
Start time: 15:14:03 on Jul 20,2026
vlog -work work "+incdir+../rtl" "+incdir+./axi_avip/globals" "+incdir+./axi_avip/hvl_top/master" "+incdir+./axi_avip/hvl_top/slave" "+incdir+./cpu/cpu_active_agent" "+incdir+./cpu/cpu_passive_agent" "+incdir+./cpu/cpu_sequence_item" "+incdir+./interface" "+incdir+./env" "+incdir+./sequence" "+incdir+./virtual_sequence" "+incdir+./test" ./axi_avip/hdl_top/master_agent_bfm/axi4_master_agent_bfm.sv 
-- Compiling module axi4_master_agent_bfm
-- Importing package mtiUvm.uvm_pkg (uvm-1.1d Built-in)
** Note: (vlog-2286) ./axi_avip/hdl_top/master_agent_bfm/axi4_master_agent_bfm.sv(14): Using implicit +incdir+/tools/mentor/questasim_10.6c/questasim/uvm-1.1d/../verilog_src/uvm-1.1d/src from import uvm_pkg

Top level modules:
	axi4_master_agent_bfm
End time: 15:14:03 on Jul 20,2026, Elapsed time: 0:00:00
Errors: 0, Warnings: 0
QuestaSim vlog 10.6c Compiler 2017.07 Jul 25 2017
Start time: 15:14:03 on Jul 20,2026
vlog -work work "+incdir+../rtl" "+incdir+./axi_avip/globals" "+incdir+./axi_avip/hvl_top/master" "+incdir+./axi_avip/hvl_top/slave" "+incdir+./cpu/cpu_active_agent" "+incdir+./cpu/cpu_passive_agent" "+incdir+./cpu/cpu_sequence_item" "+incdir+./interface" "+incdir+./env" "+incdir+./sequence" "+incdir+./virtual_sequence" "+incdir+./test" ./axi_avip/hdl_top/master_agent_bfm/axi4_master_driver_bfm.sv 
** Note: (vlog-2286) ./axi_avip/hdl_top/master_agent_bfm/axi4_master_driver_bfm.sv(71): Using implicit +incdir+/tools/mentor/questasim_10.6c/questasim/uvm-1.1d/../verilog_src/uvm-1.1d/src from import uvm_pkg
-- Compiling package axi4_master_driver_bfm_sv_unit
-- Importing package axi4_globals_pkg
-- Compiling interface axi4_master_driver_bfm
-- Importing package mtiUvm.uvm_pkg (uvm-1.1d Built-in)
-- Importing package axi4_master_pkg

Top level modules:
	--none--
End time: 15:14:04 on Jul 20,2026, Elapsed time: 0:00:01
Errors: 0, Warnings: 0
QuestaSim vlog 10.6c Compiler 2017.07 Jul 25 2017
Start time: 15:14:04 on Jul 20,2026
vlog -work work "+incdir+../rtl" "+incdir+./axi_avip/globals" "+incdir+./axi_avip/hvl_top/master" "+incdir+./axi_avip/hvl_top/slave" "+incdir+./cpu/cpu_active_agent" "+incdir+./cpu/cpu_passive_agent" "+incdir+./cpu/cpu_sequence_item" "+incdir+./interface" "+incdir+./env" "+incdir+./sequence" "+incdir+./virtual_sequence" "+incdir+./test" ./axi_avip/hdl_top/master_agent_bfm/axi4_master_monitor_bfm.sv 
** Note: (vlog-2286) ./axi_avip/hdl_top/master_agent_bfm/axi4_master_monitor_bfm.sv(67): Using implicit +incdir+/tools/mentor/questasim_10.6c/questasim/uvm-1.1d/../verilog_src/uvm-1.1d/src from import uvm_pkg
-- Compiling package axi4_master_monitor_bfm_sv_unit
-- Importing package axi4_globals_pkg
-- Compiling interface axi4_master_monitor_bfm
-- Importing package mtiUvm.uvm_pkg (uvm-1.1d Built-in)
-- Importing package axi4_master_pkg

Top level modules:
	--none--
End time: 15:14:04 on Jul 20,2026, Elapsed time: 0:00:00
Errors: 0, Warnings: 0
QuestaSim vlog 10.6c Compiler 2017.07 Jul 25 2017
Start time: 15:14:04 on Jul 20,2026
vlog -work work "+incdir+../rtl" "+incdir+./axi_avip/globals" "+incdir+./axi_avip/hvl_top/master" "+incdir+./axi_avip/hvl_top/slave" "+incdir+./cpu/cpu_active_agent" "+incdir+./cpu/cpu_passive_agent" "+incdir+./cpu/cpu_sequence_item" "+incdir+./interface" "+incdir+./env" "+incdir+./sequence" "+incdir+./virtual_sequence" "+incdir+./test" ./axi_avip/hdl_top/slave_agent_bfm/axi4_slave_agent_bfm.sv 
-- Compiling module axi4_slave_agent_bfm
-- Importing package mtiUvm.uvm_pkg (uvm-1.1d Built-in)
** Note: (vlog-2286) ./axi_avip/hdl_top/slave_agent_bfm/axi4_slave_agent_bfm.sv(14): Using implicit +incdir+/tools/mentor/questasim_10.6c/questasim/uvm-1.1d/../verilog_src/uvm-1.1d/src from import uvm_pkg

Top level modules:
	axi4_slave_agent_bfm
End time: 15:14:05 on Jul 20,2026, Elapsed time: 0:00:01
Errors: 0, Warnings: 0
QuestaSim vlog 10.6c Compiler 2017.07 Jul 25 2017
Start time: 15:14:05 on Jul 20,2026
vlog -work work "+incdir+../rtl" "+incdir+./axi_avip/globals" "+incdir+./axi_avip/hvl_top/master" "+incdir+./axi_avip/hvl_top/slave" "+incdir+./cpu/cpu_active_agent" "+incdir+./cpu/cpu_passive_agent" "+incdir+./cpu/cpu_sequence_item" "+incdir+./interface" "+incdir+./env" "+incdir+./sequence" "+incdir+./virtual_sequence" "+incdir+./test" ./axi_avip/hdl_top/slave_agent_bfm/axi4_slave_driver_bfm.sv 
** Note: (vlog-2286) ./axi_avip/hdl_top/slave_agent_bfm/axi4_slave_driver_bfm.sv(68): Using implicit +incdir+/tools/mentor/questasim_10.6c/questasim/uvm-1.1d/../verilog_src/uvm-1.1d/src from import uvm_pkg
-- Compiling package axi4_slave_driver_bfm_sv_unit
-- Importing package axi4_globals_pkg
-- Compiling interface axi4_slave_driver_bfm
-- Importing package mtiUvm.uvm_pkg (uvm-1.1d Built-in)
-- Importing package axi4_slave_pkg

Top level modules:
	--none--
End time: 15:14:05 on Jul 20,2026, Elapsed time: 0:00:00
Errors: 0, Warnings: 0
QuestaSim vlog 10.6c Compiler 2017.07 Jul 25 2017
Start time: 15:14:05 on Jul 20,2026
vlog -work work "+incdir+../rtl" "+incdir+./axi_avip/globals" "+incdir+./axi_avip/hvl_top/master" "+incdir+./axi_avip/hvl_top/slave" "+incdir+./cpu/cpu_active_agent" "+incdir+./cpu/cpu_passive_agent" "+incdir+./cpu/cpu_sequence_item" "+incdir+./interface" "+incdir+./env" "+incdir+./sequence" "+incdir+./virtual_sequence" "+incdir+./test" ./axi_avip/hdl_top/slave_agent_bfm/axi4_slave_monitor_bfm.sv 
** Note: (vlog-2286) ./axi_avip/hdl_top/slave_agent_bfm/axi4_slave_monitor_bfm.sv(68): Using implicit +incdir+/tools/mentor/questasim_10.6c/questasim/uvm-1.1d/../verilog_src/uvm-1.1d/src from import uvm_pkg
-- Compiling package axi4_slave_monitor_bfm_sv_unit
-- Importing package axi4_globals_pkg
-- Compiling interface axi4_slave_monitor_bfm
-- Importing package mtiUvm.uvm_pkg (uvm-1.1d Built-in)
-- Importing package axi4_slave_pkg

Top level modules:
	--none--
End time: 15:14:06 on Jul 20,2026, Elapsed time: 0:00:01
Errors: 0, Warnings: 0
QuestaSim vlog 10.6c Compiler 2017.07 Jul 25 2017
Start time: 15:14:06 on Jul 20,2026
vlog -work work "+incdir+../rtl" "+incdir+./axi_avip/globals" "+incdir+./axi_avip/hvl_top/master" "+incdir+./axi_avip/hvl_top/slave" "+incdir+./cpu/cpu_active_agent" "+incdir+./cpu/cpu_passive_agent" "+incdir+./cpu/cpu_sequence_item" "+incdir+./interface" "+incdir+./env" "+incdir+./sequence" "+incdir+./virtual_sequence" "+incdir+./test" ./axi_avip/hdl_top/axi4_interface/axi4_if.sv 
-- Compiling package axi4_if_sv_unit
-- Importing package axi4_globals_pkg
-- Compiling interface axi4_if

Top level modules:
	--none--
End time: 15:14:06 on Jul 20,2026, Elapsed time: 0:00:00
Errors: 0, Warnings: 0
QuestaSim vlog 10.6c Compiler 2017.07 Jul 25 2017
Start time: 15:14:06 on Jul 20,2026
vlog -work work "+incdir+../rtl" "+incdir+./axi_avip/globals" "+incdir+./axi_avip/hvl_top/master" "+incdir+./axi_avip/hvl_top/slave" "+incdir+./cpu/cpu_active_agent" "+incdir+./cpu/cpu_passive_agent" "+incdir+./cpu/cpu_sequence_item" "+incdir+./interface" "+incdir+./env" "+incdir+./sequence" "+incdir+./virtual_sequence" "+incdir+./test" ./cpu/cpu_sequence_item/cpu_sequence_item_packages.sv 
-- Compiling package cpu_sequence_item_pkg
** Note: (vlog-2286) ./cpu/cpu_sequence_item/cpu_sequence_item_packages.sv(3): Using implicit +incdir+/tools/mentor/questasim_10.6c/questasim/uvm-1.1d/../verilog_src/uvm-1.1d/src from import uvm_pkg
-- Importing package mtiUvm.uvm_pkg (uvm-1.1d Built-in)

Top level modules:
	--none--
End time: 15:14:06 on Jul 20,2026, Elapsed time: 0:00:00
Errors: 0, Warnings: 0
QuestaSim vlog 10.6c Compiler 2017.07 Jul 25 2017
Start time: 15:14:06 on Jul 20,2026
vlog -work work "+incdir+../rtl" "+incdir+./axi_avip/globals" "+incdir+./axi_avip/hvl_top/master" "+incdir+./axi_avip/hvl_top/slave" "+incdir+./cpu/cpu_active_agent" "+incdir+./cpu/cpu_passive_agent" "+incdir+./cpu/cpu_sequence_item" "+incdir+./interface" "+incdir+./env" "+incdir+./sequence" "+incdir+./virtual_sequence" "+incdir+./test" ./cpu/cpu_active_agent/cpu_active_packages.sv 
-- Compiling package cpu_active_agent_pkg
** Note: (vlog-2286) ./cpu/cpu_active_agent/cpu_active_packages.sv(7): Using implicit +incdir+/tools/mentor/questasim_10.6c/questasim/uvm-1.1d/../verilog_src/uvm-1.1d/src from import uvm_pkg
-- Importing package mtiUvm.uvm_pkg (uvm-1.1d Built-in)
-- Importing package cpu_sequence_item_pkg

Top level modules:
	--none--
End time: 15:14:06 on Jul 20,2026, Elapsed time: 0:00:00
Errors: 0, Warnings: 0
QuestaSim vlog 10.6c Compiler 2017.07 Jul 25 2017
Start time: 15:14:06 on Jul 20,2026
vlog -work work "+incdir+../rtl" "+incdir+./axi_avip/globals" "+incdir+./axi_avip/hvl_top/master" "+incdir+./axi_avip/hvl_top/slave" "+incdir+./cpu/cpu_active_agent" "+incdir+./cpu/cpu_passive_agent" "+incdir+./cpu/cpu_sequence_item" "+incdir+./interface" "+incdir+./env" "+incdir+./sequence" "+incdir+./virtual_sequence" "+incdir+./test" ./cpu/cpu_passive_agent/cpu_passive_packages.sv 
-- Compiling package cpu_passive_agent_pkg
** Note: (vlog-2286) ./cpu/cpu_passive_agent/cpu_passive_packages.sv(7): Using implicit +incdir+/tools/mentor/questasim_10.6c/questasim/uvm-1.1d/../verilog_src/uvm-1.1d/src from import uvm_pkg
-- Importing package mtiUvm.uvm_pkg (uvm-1.1d Built-in)
-- Importing package cpu_sequence_item_pkg

Top level modules:
	--none--
End time: 15:14:07 on Jul 20,2026, Elapsed time: 0:00:01
Errors: 0, Warnings: 0
QuestaSim vlog 10.6c Compiler 2017.07 Jul 25 2017
Start time: 15:14:07 on Jul 20,2026
vlog -work work "+incdir+../rtl" "+incdir+./axi_avip/globals" "+incdir+./axi_avip/hvl_top/master" "+incdir+./axi_avip/hvl_top/slave" "+incdir+./cpu/cpu_active_agent" "+incdir+./cpu/cpu_passive_agent" "+incdir+./cpu/cpu_sequence_item" "+incdir+./interface" "+incdir+./env" "+incdir+./sequence" "+incdir+./virtual_sequence" "+incdir+./test" ./cpu/cpu_packages.sv 
-- Compiling package cpu_pkg
** Note: (vlog-2286) ./cpu/cpu_packages.sv(3): Using implicit +incdir+/tools/mentor/questasim_10.6c/questasim/uvm-1.1d/../verilog_src/uvm-1.1d/src from import uvm_pkg
-- Importing package mtiUvm.uvm_pkg (uvm-1.1d Built-in)
-- Importing package cpu_sequence_item_pkg
-- Importing package cpu_active_agent_pkg
-- Importing package cpu_passive_agent_pkg

Top level modules:
	--none--
End time: 15:14:07 on Jul 20,2026, Elapsed time: 0:00:00
Errors: 0, Warnings: 0
QuestaSim vlog 10.6c Compiler 2017.07 Jul 25 2017
Start time: 15:14:07 on Jul 20,2026
vlog -work work "+incdir+../rtl" "+incdir+./axi_avip/globals" "+incdir+./axi_avip/hvl_top/master" "+incdir+./axi_avip/hvl_top/slave" "+incdir+./cpu/cpu_active_agent" "+incdir+./cpu/cpu_passive_agent" "+incdir+./cpu/cpu_sequence_item" "+incdir+./interface" "+incdir+./env" "+incdir+./sequence" "+incdir+./virtual_sequence" "+incdir+./test" ./env/axi_fifo_packages.sv 
-- Compiling package axi_fifo_pkg
** Note: (vlog-2286) ./env/axi_fifo_packages.sv(4): Using implicit +incdir+/tools/mentor/questasim_10.6c/questasim/uvm-1.1d/../verilog_src/uvm-1.1d/src from import uvm_pkg
-- Importing package mtiUvm.uvm_pkg (uvm-1.1d Built-in)
-- Importing package axi4_globals_pkg
-- Importing package axi4_master_pkg
-- Importing package axi4_slave_pkg
-- Importing package cpu_sequence_item_pkg
-- Importing package cpu_active_agent_pkg
-- Importing package cpu_passive_agent_pkg
-- Importing package cpu_pkg

Top level modules:
	--none--
End time: 15:14:08 on Jul 20,2026, Elapsed time: 0:00:01
Errors: 0, Warnings: 0
QuestaSim vlog 10.6c Compiler 2017.07 Jul 25 2017
Start time: 15:14:08 on Jul 20,2026
vlog -work work "+incdir+../rtl" "+incdir+./axi_avip/globals" "+incdir+./axi_avip/hvl_top/master" "+incdir+./axi_avip/hvl_top/slave" "+incdir+./cpu/cpu_active_agent" "+incdir+./cpu/cpu_passive_agent" "+incdir+./cpu/cpu_sequence_item" "+incdir+./interface" "+incdir+./env" "+incdir+./sequence" "+incdir+./virtual_sequence" "+incdir+./test" ./sequence/axi_sequence/axi_sequence_packages.sv 
-- Compiling package axi_sequence_pkg
** Note: (vlog-2286) ./sequence/axi_sequence/axi_sequence_packages.sv(7): Using implicit +incdir+/tools/mentor/questasim_10.6c/questasim/uvm-1.1d/../verilog_src/uvm-1.1d/src from import uvm_pkg
-- Importing package mtiUvm.uvm_pkg (uvm-1.1d Built-in)
-- Importing package axi4_globals_pkg
-- Importing package axi4_slave_pkg

Top level modules:
	--none--
End time: 15:14:08 on Jul 20,2026, Elapsed time: 0:00:00
Errors: 0, Warnings: 0
QuestaSim vlog 10.6c Compiler 2017.07 Jul 25 2017
Start time: 15:14:08 on Jul 20,2026
vlog -work work "+incdir+../rtl" "+incdir+./axi_avip/globals" "+incdir+./axi_avip/hvl_top/master" "+incdir+./axi_avip/hvl_top/slave" "+incdir+./cpu/cpu_active_agent" "+incdir+./cpu/cpu_passive_agent" "+incdir+./cpu/cpu_sequence_item" "+incdir+./interface" "+incdir+./env" "+incdir+./sequence" "+incdir+./virtual_sequence" "+incdir+./test" ./sequence/cpu_sequence/cpu_sequence_packages.sv 
-- Compiling package cpu_sequence_pkg
** Note: (vlog-2286) ./sequence/cpu_sequence/cpu_sequence_packages.sv(7): Using implicit +incdir+/tools/mentor/questasim_10.6c/questasim/uvm-1.1d/../verilog_src/uvm-1.1d/src from import uvm_pkg
-- Importing package mtiUvm.uvm_pkg (uvm-1.1d Built-in)
-- Importing package cpu_sequence_item_pkg

Top level modules:
	--none--
End time: 15:14:09 on Jul 20,2026, Elapsed time: 0:00:01
Errors: 0, Warnings: 0
QuestaSim vlog 10.6c Compiler 2017.07 Jul 25 2017
Start time: 15:14:09 on Jul 20,2026
vlog -work work "+incdir+../rtl" "+incdir+./axi_avip/globals" "+incdir+./axi_avip/hvl_top/master" "+incdir+./axi_avip/hvl_top/slave" "+incdir+./cpu/cpu_active_agent" "+incdir+./cpu/cpu_passive_agent" "+incdir+./cpu/cpu_sequence_item" "+incdir+./interface" "+incdir+./env" "+incdir+./sequence" "+incdir+./virtual_sequence" "+incdir+./test" ./virtual_sequence/axi_fifo_virtual_sequence_packages.sv 
-- Compiling package axi_fifo_virtual_sequence_pkg
** Note: (vlog-2286) ./virtual_sequence/axi_fifo_virtual_sequence_packages.sv(3): Using implicit +incdir+/tools/mentor/questasim_10.6c/questasim/uvm-1.1d/../verilog_src/uvm-1.1d/src from import uvm_pkg
-- Importing package mtiUvm.uvm_pkg (uvm-1.1d Built-in)
-- Importing package axi4_globals_pkg
-- Importing package axi4_slave_pkg
-- Importing package axi_sequence_pkg
-- Importing package cpu_sequence_pkg
-- Importing package cpu_sequence_item_pkg
-- Importing package axi_fifo_pkg
-- Importing package axi4_master_pkg
-- Importing package cpu_active_agent_pkg
-- Importing package cpu_passive_agent_pkg
-- Importing package cpu_pkg

Top level modules:
	--none--
End time: 15:14:09 on Jul 20,2026, Elapsed time: 0:00:00
Errors: 0, Warnings: 0
QuestaSim vlog 10.6c Compiler 2017.07 Jul 25 2017
Start time: 15:14:09 on Jul 20,2026
vlog -work work "+incdir+../rtl" "+incdir+./axi_avip/globals" "+incdir+./axi_avip/hvl_top/master" "+incdir+./axi_avip/hvl_top/slave" "+incdir+./cpu/cpu_active_agent" "+incdir+./cpu/cpu_passive_agent" "+incdir+./cpu/cpu_sequence_item" "+incdir+./interface" "+incdir+./env" "+incdir+./sequence" "+incdir+./virtual_sequence" "+incdir+./test" ./test/axi_fifo_test_packages.sv 
-- Compiling package axi_fifo_test_pkg
** Note: (vlog-2286) ./test/axi_fifo_test_packages.sv(6): Using implicit +incdir+/tools/mentor/questasim_10.6c/questasim/uvm-1.1d/../verilog_src/uvm-1.1d/src from import uvm_pkg
-- Importing package mtiUvm.uvm_pkg (uvm-1.1d Built-in)
-- Importing package axi4_globals_pkg
-- Importing package axi4_slave_pkg
-- Importing package cpu_sequence_item_pkg
-- Importing package axi_sequence_pkg
-- Importing package cpu_sequence_pkg
-- Importing package axi_fifo_pkg
-- Importing package axi4_master_pkg
-- Importing package cpu_active_agent_pkg
-- Importing package cpu_passive_agent_pkg
-- Importing package cpu_pkg
-- Importing package axi_fifo_virtual_sequence_pkg

Top level modules:
	--none--
End time: 15:14:10 on Jul 20,2026, Elapsed time: 0:00:01
Errors: 0, Warnings: 0
QuestaSim vlog 10.6c Compiler 2017.07 Jul 25 2017
Start time: 15:14:10 on Jul 20,2026
vlog -work work "+incdir+../rtl" "+incdir+./axi_avip/globals" "+incdir+./axi_avip/hvl_top/master" "+incdir+./axi_avip/hvl_top/slave" "+incdir+./cpu/cpu_active_agent" "+incdir+./cpu/cpu_passive_agent" "+incdir+./cpu/cpu_sequence_item" "+incdir+./interface" "+incdir+./env" "+incdir+./sequence" "+incdir+./virtual_sequence" "+incdir+./test" ./interface/fifo_interface.sv 
-- Compiling interface fifo_interface

Top level modules:
	--none--
End time: 15:14:10 on Jul 20,2026, Elapsed time: 0:00:00
Errors: 0, Warnings: 0
