QuestaSim-64 vlog 10.7c Compiler 2018.08 Aug 18 2018
Start time: 09:43:29 on Jul 24,2026
vlog -sv "+acc" "+cover" "+fcover" -work work -l top.log "+incdir+../rtl" "+incdir+./axi_avip/globals" "+incdir+./axi_avip/hvl_top/master" "+incdir+./axi_avip/hvl_top/slave" "+incdir+./cpu/cpu_active_agent" "+incdir+./cpu/cpu_passive_agent" "+incdir+./cpu/cpu_sequence_item" "+incdir+./interface" "+incdir+./env" "+incdir+./sequence" "+incdir+./virtual_sequence" "+incdir+./test" ./axi_fifo_top.sv 
** Note: (vlog-2286) ./axi_fifo_top.sv(4): Using implicit +incdir+C:/questasim64_10.7c/uvm-1.1d/../verilog_src/uvm-1.1d/src from import uvm_pkg
-- Compiling module AXI_MASTER_WRITE_CONTROL
-- Compiling module AXI_MASTER_READ_Control
-- Compiling module AXI_Master
-- Compiling module write_response_handler
-- Compiling module my_decoder
-- Compiling module sync_fifo
-- Compiling module design_fifo
-- Compiling module Top_Module_AXI4
-- Compiling package axi_fifo_top_sv_unit
-- Importing package mtiUvm.uvm_pkg (uvm-1.1d Built-in)
-- Importing package axi4_globals_pkg
-- Importing package axi4_master_pkg
-- Importing package axi4_slave_pkg
-- Importing package axi_fifo_test_pkg
-- Importing package cpu_sequence_item_pkg
-- Importing package axi_sequence_pkg
-- Importing package cpu_sequence_pkg
-- Importing package axi_fifo_pkg
-- Importing package cpu_active_agent_pkg
-- Importing package cpu_passive_agent_pkg
-- Importing package cpu_pkg
-- Importing package axi_fifo_virtual_sequence_pkg
-- Compiling module top

Top level modules:
	top
End time: 09:43:29 on Jul 24,2026, Elapsed time: 0:00:00
Errors: 0, Warnings: 0
